<?xml version="1.0" encoding="UTF-8"?>
<!-- Generated by org.testng.reporters.JUnitXMLReporter -->
<testsuite hostname="MICROSOFT-PC" tests="9" failures="0" timestamp="16 Jul 2016 17:50:44 GMT" time="0.07" errors="0">
  <testcase name="testCheckExpireDateId" time="0.035" classname="ParamTest"/>
  <testcase name="testCheckExpireDateId" time="0.002" classname="ParamTest"/>
  <testcase name="testCheckExpireDateId" time="0.0" classname="ParamTest"/>
  <testcase name="testCalculateAppriasal" time="0.001" classname="TestEmployeeDetails"/>
  <testcase name="testCalculateOneHourCost" time="0.001" classname="TestEmployeeDetails"/>
  <testcase name="testCalculateSalary" time="0.0" classname="TestEmployeeDetails"/>
  <testcase name="testCalculateYearlySalary" time="0.0" classname="TestEmployeeDetails"/>
  <testcase name="testIsValidEmployee" time="0.0" classname="TestEmployeeDetails"/>
  <testcase name="throwsNullPointerException" time="0.0" classname="TestEmployeeDetails"/>
</testsuite>
